[+] Containers:
 |- [+] Container: /Game/Maps/CombatTestMap
 |   |- [+] ActorDescs:
 |   |   |- Guid:35708E4F4A9706EE48ABB79790F6CF5B BaseClass:/Game/EnemyCharacter/EQS/EQS_TestPawn.EQS_TestPawn_C NativeClass:/Script/AIModule.EQSTestingPawn Name:EQS_TestPawn_C_UAID_B42E991E09FC696D02_1617010079 Label:EQS_TestPawn SpatiallyLoaded:1 Bounds:IsValid=true, Min=(X=1228.767 Y=1245.349 Z=-51.545), Max=(X=1321.657 Y=1338.238 Z=124.455) RuntimeGrid:None EditorOnly:0 RuntimeOnly:0 HLODRelevant:0 ListedInSceneOutliner:1 IsMainWorldOnly:0
 |   |   |- Guid:37FD98AB4B46A01AFE6524865AA8F176 BaseClass: NativeClass:/Script/NavigationSystem.RecastNavMesh Name:RecastNavMesh_UAID_B42E991E09FCE66C02-Default Label:RecastNavMesh-Default SpatiallyLoaded:0 Bounds:IsValid=true, Min=(X=0.000 Y=0.000 Z=0.000), Max=(X=0.000 Y=0.000 Z=0.000) RuntimeGrid:None EditorOnly:0 RuntimeOnly:0 HLODRelevant:0 ListedInSceneOutliner:1 IsMainWorldOnly:0
 |   |   |- Guid:3F0188A7473694DA6570A2B9DC109135 BaseClass: NativeClass:/Script/Engine.WorldDataLayers Name:WorldDataLayers Label:WorldDataLayers SpatiallyLoaded:0 Bounds:Invalid RuntimeGrid:None EditorOnly:0 RuntimeOnly:0 HLODRelevant:0 ListedInSceneOutliner:1 IsMainWorldOnly:1
 |   |   |- Guid:3F7ADE1C4B902D81979A27ADF5102E48 BaseClass: NativeClass:/Script/Engine.DirectionalLight Name:DirectionalLight_0 Label:DirectionalLight SpatiallyLoaded:0 Bounds:Invalid RuntimeGrid:None EditorOnly:0 RuntimeOnly:0 HLODRelevant:0 ListedInSceneOutliner:1 IsMainWorldOnly:0 FolderPath:Lighting FolderGuid:963EC3EB4002CCE9759E2EBA541A873A
 |   |   |- Guid:4248E02A4EE6ED99661D79865A43C644 BaseClass:/Game/EnemyCharacter/Gruntling/Guardian/BP_Gruntling_Guardian.BP_Gruntling_Guardian_C NativeClass:/Script/W1.W1EnemyCharacter Name:BP_Gruntling_Guardian_C_UAID_B42E991E09FC5A7102_1413181663 Label:BP_Gruntling_Guardian SpatiallyLoaded:1 Bounds:IsValid=true, Min=(X=2073.000 Y=1083.300 Z=-0.000), Max=(X=2213.446 Y=1316.523 Z=210.317) RuntimeGrid:None EditorOnly:0 RuntimeOnly:0 HLODRelevant:0 ListedInSceneOutliner:1 IsMainWorldOnly:0
 |   |   |- Guid:4936BF9341A3564543F7B9A1A64E9753 BaseClass: NativeClass:/Script/Engine.StaticMeshActor Name:StaticMeshActor_5 Label:SM_Cube2 SpatiallyLoaded:1 Bounds:IsValid=true, Min=(X=0.000 Y=0.000 Z=0.000), Max=(X=3000.000 Y=100.000 Z=400.000) RuntimeGrid:None EditorOnly:0 RuntimeOnly:0 HLODRelevant:1 ListedInSceneOutliner:1 IsMainWorldOnly:0 FolderPath:Playground FolderGuid:C73F09FC4215536B1DCE2A9E0A830C70
 |   |   |- Guid:5B20CF3B4F3902A7FB6845A7B678B43E BaseClass: NativeClass:/Script/Engine.TextRenderActor Name:TextRenderActor_1 Label:TextRenderActor SpatiallyLoaded:1 Bounds:IsValid=true, Min=(X=-0.100 Y=1100.000 Z=65.013), Max=(X=-0.100 Y=2392.308 Z=215.013) RuntimeGrid:None EditorOnly:0 RuntimeOnly:0 HLODRelevant:0 ListedInSceneOutliner:1 IsMainWorldOnly:0
 |   |   |- Guid:5FE17E754E3F728B70A0EE850B63B423 BaseClass: NativeClass:/Script/Engine.SkyAtmosphere Name:SkyAtmosphere_0 Label:SkyAtmosphere SpatiallyLoaded:0 Bounds:IsValid=true, Min=(X=0.000 Y=0.000 Z=1020.000), Max=(X=0.000 Y=0.000 Z=1020.000) RuntimeGrid:None EditorOnly:0 RuntimeOnly:0 HLODRelevant:0 ListedInSceneOutliner:1 IsMainWorldOnly:0 FolderPath:Lighting FolderGuid:963EC3EB4002CCE9759E2EBA541A873A
 |   |   |- Guid:656783D74340EF796176D8B30B1F4B4A BaseClass: NativeClass:/Script/Engine.StaticMeshActor Name:StaticMeshActor_4 Label:SM_Cube6 SpatiallyLoaded:1 Bounds:IsValid=true, Min=(X=2900.000 Y=100.000 Z=0.000), Max=(X=3000.000 Y=3400.000 Z=400.000) RuntimeGrid:None EditorOnly:0 RuntimeOnly:0 HLODRelevant:1 ListedInSceneOutliner:1 IsMainWorldOnly:0 FolderPath:Playground FolderGuid:C73F09FC4215536B1DCE2A9E0A830C70
 |   |   |- Guid:8836EDBA495477D0C22887AC9FCDC826 BaseClass:/Game/EnemyCharacter/Gruntling/Guardian/BP_Gruntling_Guardian.BP_Gruntling_Guardian_C NativeClass:/Script/W1.W1EnemyCharacter Name:BP_Gruntling_Guardian_C_UAID_B42E991E09FC5A7102_1433077665 Label:BP_Gruntling_Guardian3 SpatiallyLoaded:1 Bounds:IsValid=true, Min=(X=1953.000 Y=1563.300 Z=-0.000), Max=(X=2093.446 Y=1796.523 Z=210.317) RuntimeGrid:None EditorOnly:0 RuntimeOnly:0 HLODRelevant:0 ListedInSceneOutliner:1 IsMainWorldOnly:0
 |   |   |- Guid:8EED32BB46D17DFF7A4C10A42DCFC7A1 BaseClass: NativeClass:/Script/Engine.VolumetricCloud Name:VolumetricCloud_0 Label:VolumetricCloud SpatiallyLoaded:0 Bounds:IsValid=true, Min=(X=0.000 Y=0.000 Z=820.000), Max=(X=0.000 Y=0.000 Z=820.000) RuntimeGrid:None EditorOnly:0 RuntimeOnly:0 HLODRelevant:0 ListedInSceneOutliner:1 IsMainWorldOnly:0 FolderPath:Lighting FolderGuid:963EC3EB4002CCE9759E2EBA541A873A
 |   |   |- Guid:94417A364C29D9AE3CD4E3BE046EA026 BaseClass: NativeClass:/Script/Engine.StaticMeshActor Name:StaticMeshActor_6 Label:SM_Cube3 SpatiallyLoaded:1 Bounds:IsValid=true, Min=(X=0.000 Y=3400.000 Z=0.000), Max=(X=3000.000 Y=3500.000 Z=400.000) RuntimeGrid:None EditorOnly:0 RuntimeOnly:0 HLODRelevant:1 ListedInSceneOutliner:1 IsMainWorldOnly:0 FolderPath:Playground FolderGuid:C73F09FC4215536B1DCE2A9E0A830C70
 |   |   |- Guid:A266CB77411525271C9FFE83D152F0D6 BaseClass: NativeClass:/Script/Engine.StaticMeshActor Name:StaticMeshActor_1 Label:SM_Cube SpatiallyLoaded:1 Bounds:IsValid=true, Min=(X=0.000 Y=0.000 Z=-50.000), Max=(X=3000.000 Y=3500.000 Z=0.000) RuntimeGrid:None EditorOnly:0 RuntimeOnly:0 HLODRelevant:1 ListedInSceneOutliner:1 IsMainWorldOnly:0 FolderPath:Playground FolderGuid:C73F09FC4215536B1DCE2A9E0A830C70
 |   |   |- Guid:A29CAAA84A4DDE61FF7A878679D482B7 BaseClass:/Game/EnemyCharacter/Gruntling/BP_Gruntling_Glacer.BP_Gruntling_Glacer_C NativeClass:/Script/W1.W1EnemyCharacter Name:BP_Gruntling_Glacer_C_UAID_B42E991E09FC117102_1266589815 Label:BP_Gruntling_Glacer SpatiallyLoaded:1 Bounds:IsValid=true, Min=(X=2339.982 Y=595.601 Z=-0.483), Max=(X=2480.745 Y=773.324 Z=217.832) RuntimeGrid:None EditorOnly:0 RuntimeOnly:0 HLODRelevant:0 ListedInSceneOutliner:1 IsMainWorldOnly:0
 |   |   |- Guid:BB1A6C3E40064BE17B10B98F042893AC BaseClass: NativeClass:/Script/Engine.ExponentialHeightFog Name:ExponentialHeightFog_0 Label:ExponentialHeightFog SpatiallyLoaded:0 Bounds:IsValid=true, Min=(X=-5600.000 Y=-50.000 Z=-6850.000), Max=(X=-5600.000 Y=-50.000 Z=-6850.000) RuntimeGrid:None EditorOnly:0 RuntimeOnly:0 HLODRelevant:0 ListedInSceneOutliner:1 IsMainWorldOnly:0 FolderPath:Lighting FolderGuid:963EC3EB4002CCE9759E2EBA541A873A
 |   |   |- Guid:CE98FF434D8AE35315495386D2FB486A BaseClass:/Game/EnemyCharacter/Gruntling/Guardian/BP_Gruntling_Guardian.BP_Gruntling_Guardian_C NativeClass:/Script/W1.W1EnemyCharacter Name:BP_Gruntling_Guardian_C_UAID_B42E991E09FC5A7102_1430789664 Label:BP_Gruntling_Guardian2 SpatiallyLoaded:1 Bounds:IsValid=true, Min=(X=2123.000 Y=1323.300 Z=-0.000), Max=(X=2263.446 Y=1556.523 Z=210.317) RuntimeGrid:None EditorOnly:0 RuntimeOnly:0 HLODRelevant:0 ListedInSceneOutliner:1 IsMainWorldOnly:0
 |   |   |- Guid:D339B39C4F7A2EB7792B54B4B633C12B BaseClass:/Game/EnemyCharacter/Gruntling/Guardian/BP_Gruntling_Guardian.BP_Gruntling_Guardian_C NativeClass:/Script/W1.W1EnemyCharacter Name:BP_Gruntling_Guardian_C_UAID_B42E991E09FC5A7102_1435388666 Label:BP_Gruntling_Guardian4 SpatiallyLoaded:1 Bounds:IsValid=true, Min=(X=1963.000 Y=783.300 Z=-0.000), Max=(X=2103.446 Y=1016.523 Z=210.317) RuntimeGrid:None EditorOnly:0 RuntimeOnly:0 HLODRelevant:0 ListedInSceneOutliner:1 IsMainWorldOnly:0
 |   |   |- Guid:D3E7A3F54F6AE0ADF2B5D1A2F3F416DD BaseClass: NativeClass:/Script/Engine.PlayerStart Name:PlayerStart_0 Label:PlayerStart SpatiallyLoaded:0 Bounds:IsValid=true, Min=(X=600.000 Y=1240.000 Z=0.013), Max=(X=680.000 Y=1320.000 Z=184.013) RuntimeGrid:None EditorOnly:0 RuntimeOnly:0 HLODRelevant:0 ListedInSceneOutliner:1 IsMainWorldOnly:0
 |   |   |- Guid:D972E97C408CBDCFE615338542B3074E BaseClass: NativeClass:/Script/Engine.PostProcessVolume Name:PostProcessVolume_0 Label:PostProcessVolume SpatiallyLoaded:0 Bounds:IsValid=true, Min=(X=0.000 Y=0.000 Z=400.000), Max=(X=200.000 Y=200.000 Z=600.000) RuntimeGrid:None EditorOnly:0 RuntimeOnly:0 HLODRelevant:0 ListedInSceneOutliner:1 IsMainWorldOnly:0 FolderPath:Lighting FolderGuid:963EC3EB4002CCE9759E2EBA541A873A
 |   |   |- Guid:DE74E044456E8A714E04D58DCCC2E6FD BaseClass: NativeClass:/Script/Engine.StaticMeshActor Name:StaticMeshActor_0 Label:SM_Cube5 SpatiallyLoaded:1 Bounds:IsValid=true, Min=(X=-0.000 Y=100.000 Z=0.000), Max=(X=100.000 Y=3400.000 Z=400.000) RuntimeGrid:None EditorOnly:0 RuntimeOnly:0 HLODRelevant:1 ListedInSceneOutliner:1 IsMainWorldOnly:0 FolderPath:Playground FolderGuid:C73F09FC4215536B1DCE2A9E0A830C70
 |   |   |- Guid:E3A57DA943A073E640058CA2C880F5D1 BaseClass: NativeClass:/Script/Engine.StaticMeshActor Name:StaticMeshActor_UAID_A4AE111137DC5EFB00_1110535423 Label:SM_SkySphere SpatiallyLoaded:0 Bounds:IsValid=true, Min=(X=-1638400.000 Y=-1638400.000 Z=-1638400.000), Max=(X=1638400.000 Y=1638400.000 Z=1638400.000) RuntimeGrid:None EditorOnly:0 RuntimeOnly:0 HLODRelevant:0 ListedInSceneOutliner:1 IsMainWorldOnly:0 FolderPath:Lighting FolderGuid:963EC3EB4002CCE9759E2EBA541A873A
 |   |   |- Guid:F6D9FAD040E51038925C1A940DFC3D1E BaseClass: NativeClass:/Script/NavigationSystem.NavMeshBoundsVolume Name:NavMeshBoundsVolume_UAID_B42E991E09FCE66C02_1128074023 Label:NavMeshBoundsVolume SpatiallyLoaded:0 Bounds:IsValid=true, Min=(X=-60.000 Y=120.000 Z=-120.000), Max=(X=3140.000 Y=3320.000 Z=80.000) RuntimeGrid:None EditorOnly:0 RuntimeOnly:0 HLODRelevant:0 ListedInSceneOutliner:1 IsMainWorldOnly:0
 |   |   |- Guid:F727F40F41C993211CDD62A4A6967A69 BaseClass: NativeClass:/Script/Engine.SkyLight Name:SkyLight_1 Label:SkyLight SpatiallyLoaded:0 Bounds:IsValid=true, Min=(X=0.000 Y=0.000 Z=690.000), Max=(X=0.000 Y=0.000 Z=690.000) RuntimeGrid:None EditorOnly:0 RuntimeOnly:0 HLODRelevant:0 ListedInSceneOutliner:1 IsMainWorldOnly:0 FolderPath:Lighting FolderGuid:963EC3EB4002CCE9759E2EBA541A873A
 |   |- [+] Clusters:
 |   |   |- [+] [  0]
 |   |   |   |- Guid:35708E4F4A9706EE48ABB79790F6CF5B BaseClass:/Game/EnemyCharacter/EQS/EQS_TestPawn.EQS_TestPawn_C NativeClass:/Script/AIModule.EQSTestingPawn Name:EQS_TestPawn_C_UAID_B42E991E09FC696D02_1617010079 Label:EQS_TestPawn SpatiallyLoaded:1 Bounds:IsValid=true, Min=(X=1228.767 Y=1245.349 Z=-51.545), Max=(X=1321.657 Y=1338.238 Z=124.455) RuntimeGrid:None EditorOnly:0 RuntimeOnly:0 HLODRelevant:0 ListedInSceneOutliner:1 IsMainWorldOnly:0
 |   |   |- [+] [  1]
 |   |   |   |- Guid:37FD98AB4B46A01AFE6524865AA8F176 BaseClass: NativeClass:/Script/NavigationSystem.RecastNavMesh Name:RecastNavMesh_UAID_B42E991E09FCE66C02-Default Label:RecastNavMesh-Default SpatiallyLoaded:0 Bounds:IsValid=true, Min=(X=0.000 Y=0.000 Z=0.000), Max=(X=0.000 Y=0.000 Z=0.000) RuntimeGrid:None EditorOnly:0 RuntimeOnly:0 HLODRelevant:0 ListedInSceneOutliner:1 IsMainWorldOnly:0
 |   |   |- [+] [  2]
 |   |   |   |- Guid:3F0188A7473694DA6570A2B9DC109135 BaseClass: NativeClass:/Script/Engine.WorldDataLayers Name:WorldDataLayers Label:WorldDataLayers SpatiallyLoaded:0 Bounds:Invalid RuntimeGrid:None EditorOnly:0 RuntimeOnly:0 HLODRelevant:0 ListedInSceneOutliner:1 IsMainWorldOnly:1
 |   |   |- [+] [  3]
 |   |   |   |- Guid:3F7ADE1C4B902D81979A27ADF5102E48 BaseClass: NativeClass:/Script/Engine.DirectionalLight Name:DirectionalLight_0 Label:DirectionalLight SpatiallyLoaded:0 Bounds:Invalid RuntimeGrid:None EditorOnly:0 RuntimeOnly:0 HLODRelevant:0 ListedInSceneOutliner:1 IsMainWorldOnly:0 FolderPath:Lighting FolderGuid:963EC3EB4002CCE9759E2EBA541A873A
 |   |   |- [+] [  4]
 |   |   |   |- Guid:4248E02A4EE6ED99661D79865A43C644 BaseClass:/Game/EnemyCharacter/Gruntling/Guardian/BP_Gruntling_Guardian.BP_Gruntling_Guardian_C NativeClass:/Script/W1.W1EnemyCharacter Name:BP_Gruntling_Guardian_C_UAID_B42E991E09FC5A7102_1413181663 Label:BP_Gruntling_Guardian SpatiallyLoaded:1 Bounds:IsValid=true, Min=(X=2073.000 Y=1083.300 Z=-0.000), Max=(X=2213.446 Y=1316.523 Z=210.317) RuntimeGrid:None EditorOnly:0 RuntimeOnly:0 HLODRelevant:0 ListedInSceneOutliner:1 IsMainWorldOnly:0
 |   |   |- [+] [  5]
 |   |   |   |- Guid:4936BF9341A3564543F7B9A1A64E9753 BaseClass: NativeClass:/Script/Engine.StaticMeshActor Name:StaticMeshActor_5 Label:SM_Cube2 SpatiallyLoaded:1 Bounds:IsValid=true, Min=(X=0.000 Y=0.000 Z=0.000), Max=(X=3000.000 Y=100.000 Z=400.000) RuntimeGrid:None EditorOnly:0 RuntimeOnly:0 HLODRelevant:1 ListedInSceneOutliner:1 IsMainWorldOnly:0 FolderPath:Playground FolderGuid:C73F09FC4215536B1DCE2A9E0A830C70
 |   |   |- [+] [  6]
 |   |   |   |- Guid:5B20CF3B4F3902A7FB6845A7B678B43E BaseClass: NativeClass:/Script/Engine.TextRenderActor Name:TextRenderActor_1 Label:TextRenderActor SpatiallyLoaded:1 Bounds:IsValid=true, Min=(X=-0.100 Y=1100.000 Z=65.013), Max=(X=-0.100 Y=2392.308 Z=215.013) RuntimeGrid:None EditorOnly:0 RuntimeOnly:0 HLODRelevant:0 ListedInSceneOutliner:1 IsMainWorldOnly:0
 |   |   |- [+] [  7]
 |   |   |   |- Guid:5FE17E754E3F728B70A0EE850B63B423 BaseClass: NativeClass:/Script/Engine.SkyAtmosphere Name:SkyAtmosphere_0 Label:SkyAtmosphere SpatiallyLoaded:0 Bounds:IsValid=true, Min=(X=0.000 Y=0.000 Z=1020.000), Max=(X=0.000 Y=0.000 Z=1020.000) RuntimeGrid:None EditorOnly:0 RuntimeOnly:0 HLODRelevant:0 ListedInSceneOutliner:1 IsMainWorldOnly:0 FolderPath:Lighting FolderGuid:963EC3EB4002CCE9759E2EBA541A873A
 |   |   |- [+] [  8]
 |   |   |   |- Guid:656783D74340EF796176D8B30B1F4B4A BaseClass: NativeClass:/Script/Engine.StaticMeshActor Name:StaticMeshActor_4 Label:SM_Cube6 SpatiallyLoaded:1 Bounds:IsValid=true, Min=(X=2900.000 Y=100.000 Z=0.000), Max=(X=3000.000 Y=3400.000 Z=400.000) RuntimeGrid:None EditorOnly:0 RuntimeOnly:0 HLODRelevant:1 ListedInSceneOutliner:1 IsMainWorldOnly:0 FolderPath:Playground FolderGuid:C73F09FC4215536B1DCE2A9E0A830C70
 |   |   |- [+] [  9]
 |   |   |   |- Guid:8836EDBA495477D0C22887AC9FCDC826 BaseClass:/Game/EnemyCharacter/Gruntling/Guardian/BP_Gruntling_Guardian.BP_Gruntling_Guardian_C NativeClass:/Script/W1.W1EnemyCharacter Name:BP_Gruntling_Guardian_C_UAID_B42E991E09FC5A7102_1433077665 Label:BP_Gruntling_Guardian3 SpatiallyLoaded:1 Bounds:IsValid=true, Min=(X=1953.000 Y=1563.300 Z=-0.000), Max=(X=2093.446 Y=1796.523 Z=210.317) RuntimeGrid:None EditorOnly:0 RuntimeOnly:0 HLODRelevant:0 ListedInSceneOutliner:1 IsMainWorldOnly:0
 |   |   |- [+] [ 10]
 |   |   |   |- Guid:8EED32BB46D17DFF7A4C10A42DCFC7A1 BaseClass: NativeClass:/Script/Engine.VolumetricCloud Name:VolumetricCloud_0 Label:VolumetricCloud SpatiallyLoaded:0 Bounds:IsValid=true, Min=(X=0.000 Y=0.000 Z=820.000), Max=(X=0.000 Y=0.000 Z=820.000) RuntimeGrid:None EditorOnly:0 RuntimeOnly:0 HLODRelevant:0 ListedInSceneOutliner:1 IsMainWorldOnly:0 FolderPath:Lighting FolderGuid:963EC3EB4002CCE9759E2EBA541A873A
 |   |   |- [+] [ 11]
 |   |   |   |- Guid:94417A364C29D9AE3CD4E3BE046EA026 BaseClass: NativeClass:/Script/Engine.StaticMeshActor Name:StaticMeshActor_6 Label:SM_Cube3 SpatiallyLoaded:1 Bounds:IsValid=true, Min=(X=0.000 Y=3400.000 Z=0.000), Max=(X=3000.000 Y=3500.000 Z=400.000) RuntimeGrid:None EditorOnly:0 RuntimeOnly:0 HLODRelevant:1 ListedInSceneOutliner:1 IsMainWorldOnly:0 FolderPath:Playground FolderGuid:C73F09FC4215536B1DCE2A9E0A830C70
 |   |   |- [+] [ 12]
 |   |   |   |- Guid:A266CB77411525271C9FFE83D152F0D6 BaseClass: NativeClass:/Script/Engine.StaticMeshActor Name:StaticMeshActor_1 Label:SM_Cube SpatiallyLoaded:1 Bounds:IsValid=true, Min=(X=0.000 Y=0.000 Z=-50.000), Max=(X=3000.000 Y=3500.000 Z=0.000) RuntimeGrid:None EditorOnly:0 RuntimeOnly:0 HLODRelevant:1 ListedInSceneOutliner:1 IsMainWorldOnly:0 FolderPath:Playground FolderGuid:C73F09FC4215536B1DCE2A9E0A830C70
 |   |   |- [+] [ 13]
 |   |   |   |- Guid:A29CAAA84A4DDE61FF7A878679D482B7 BaseClass:/Game/EnemyCharacter/Gruntling/BP_Gruntling_Glacer.BP_Gruntling_Glacer_C NativeClass:/Script/W1.W1EnemyCharacter Name:BP_Gruntling_Glacer_C_UAID_B42E991E09FC117102_1266589815 Label:BP_Gruntling_Glacer SpatiallyLoaded:1 Bounds:IsValid=true, Min=(X=2339.982 Y=595.601 Z=-0.483), Max=(X=2480.745 Y=773.324 Z=217.832) RuntimeGrid:None EditorOnly:0 RuntimeOnly:0 HLODRelevant:0 ListedInSceneOutliner:1 IsMainWorldOnly:0
 |   |   |- [+] [ 14]
 |   |   |   |- Guid:BB1A6C3E40064BE17B10B98F042893AC BaseClass: NativeClass:/Script/Engine.ExponentialHeightFog Name:ExponentialHeightFog_0 Label:ExponentialHeightFog SpatiallyLoaded:0 Bounds:IsValid=true, Min=(X=-5600.000 Y=-50.000 Z=-6850.000), Max=(X=-5600.000 Y=-50.000 Z=-6850.000) RuntimeGrid:None EditorOnly:0 RuntimeOnly:0 HLODRelevant:0 ListedInSceneOutliner:1 IsMainWorldOnly:0 FolderPath:Lighting FolderGuid:963EC3EB4002CCE9759E2EBA541A873A
 |   |   |- [+] [ 15]
 |   |   |   |- Guid:CE98FF434D8AE35315495386D2FB486A BaseClass:/Game/EnemyCharacter/Gruntling/Guardian/BP_Gruntling_Guardian.BP_Gruntling_Guardian_C NativeClass:/Script/W1.W1EnemyCharacter Name:BP_Gruntling_Guardian_C_UAID_B42E991E09FC5A7102_1430789664 Label:BP_Gruntling_Guardian2 SpatiallyLoaded:1 Bounds:IsValid=true, Min=(X=2123.000 Y=1323.300 Z=-0.000), Max=(X=2263.446 Y=1556.523 Z=210.317) RuntimeGrid:None EditorOnly:0 RuntimeOnly:0 HLODRelevant:0 ListedInSceneOutliner:1 IsMainWorldOnly:0
 |   |   |- [+] [ 16]
 |   |   |   |- Guid:D339B39C4F7A2EB7792B54B4B633C12B BaseClass:/Game/EnemyCharacter/Gruntling/Guardian/BP_Gruntling_Guardian.BP_Gruntling_Guardian_C NativeClass:/Script/W1.W1EnemyCharacter Name:BP_Gruntling_Guardian_C_UAID_B42E991E09FC5A7102_1435388666 Label:BP_Gruntling_Guardian4 SpatiallyLoaded:1 Bounds:IsValid=true, Min=(X=1963.000 Y=783.300 Z=-0.000), Max=(X=2103.446 Y=1016.523 Z=210.317) RuntimeGrid:None EditorOnly:0 RuntimeOnly:0 HLODRelevant:0 ListedInSceneOutliner:1 IsMainWorldOnly:0
 |   |   |- [+] [ 17]
 |   |   |   |- Guid:D3E7A3F54F6AE0ADF2B5D1A2F3F416DD BaseClass: NativeClass:/Script/Engine.PlayerStart Name:PlayerStart_0 Label:PlayerStart SpatiallyLoaded:0 Bounds:IsValid=true, Min=(X=600.000 Y=1240.000 Z=0.013), Max=(X=680.000 Y=1320.000 Z=184.013) RuntimeGrid:None EditorOnly:0 RuntimeOnly:0 HLODRelevant:0 ListedInSceneOutliner:1 IsMainWorldOnly:0
 |   |   |- [+] [ 18]
 |   |   |   |- Guid:D972E97C408CBDCFE615338542B3074E BaseClass: NativeClass:/Script/Engine.PostProcessVolume Name:PostProcessVolume_0 Label:PostProcessVolume SpatiallyLoaded:0 Bounds:IsValid=true, Min=(X=0.000 Y=0.000 Z=400.000), Max=(X=200.000 Y=200.000 Z=600.000) RuntimeGrid:None EditorOnly:0 RuntimeOnly:0 HLODRelevant:0 ListedInSceneOutliner:1 IsMainWorldOnly:0 FolderPath:Lighting FolderGuid:963EC3EB4002CCE9759E2EBA541A873A
 |   |   |- [+] [ 19]
 |   |   |   |- Guid:DE74E044456E8A714E04D58DCCC2E6FD BaseClass: NativeClass:/Script/Engine.StaticMeshActor Name:StaticMeshActor_0 Label:SM_Cube5 SpatiallyLoaded:1 Bounds:IsValid=true, Min=(X=-0.000 Y=100.000 Z=0.000), Max=(X=100.000 Y=3400.000 Z=400.000) RuntimeGrid:None EditorOnly:0 RuntimeOnly:0 HLODRelevant:1 ListedInSceneOutliner:1 IsMainWorldOnly:0 FolderPath:Playground FolderGuid:C73F09FC4215536B1DCE2A9E0A830C70
 |   |   |- [+] [ 20]
 |   |   |   |- Guid:E3A57DA943A073E640058CA2C880F5D1 BaseClass: NativeClass:/Script/Engine.StaticMeshActor Name:StaticMeshActor_UAID_A4AE111137DC5EFB00_1110535423 Label:SM_SkySphere SpatiallyLoaded:0 Bounds:IsValid=true, Min=(X=-1638400.000 Y=-1638400.000 Z=-1638400.000), Max=(X=1638400.000 Y=1638400.000 Z=1638400.000) RuntimeGrid:None EditorOnly:0 RuntimeOnly:0 HLODRelevant:0 ListedInSceneOutliner:1 IsMainWorldOnly:0 FolderPath:Lighting FolderGuid:963EC3EB4002CCE9759E2EBA541A873A
 |   |   |- [+] [ 21]
 |   |   |   |- Guid:F6D9FAD040E51038925C1A940DFC3D1E BaseClass: NativeClass:/Script/NavigationSystem.NavMeshBoundsVolume Name:NavMeshBoundsVolume_UAID_B42E991E09FCE66C02_1128074023 Label:NavMeshBoundsVolume SpatiallyLoaded:0 Bounds:IsValid=true, Min=(X=-60.000 Y=120.000 Z=-120.000), Max=(X=3140.000 Y=3320.000 Z=80.000) RuntimeGrid:None EditorOnly:0 RuntimeOnly:0 HLODRelevant:0 ListedInSceneOutliner:1 IsMainWorldOnly:0
 |   |   |- [+] [ 22]
 |   |   |   |- Guid:F727F40F41C993211CDD62A4A6967A69 BaseClass: NativeClass:/Script/Engine.SkyLight Name:SkyLight_1 Label:SkyLight SpatiallyLoaded:0 Bounds:IsValid=true, Min=(X=0.000 Y=0.000 Z=690.000), Max=(X=0.000 Y=0.000 Z=690.000) RuntimeGrid:None EditorOnly:0 RuntimeOnly:0 HLODRelevant:0 ListedInSceneOutliner:1 IsMainWorldOnly:0 FolderPath:Lighting FolderGuid:963EC3EB4002CCE9759E2EBA541A873A
 |- ContainerInstances:
 |- [+] MainContainer:
 |   |-        ID: 00000000000000000000000000000000
 |   |-  ParentID: 00000000000000000000000000000000
 |   |-    Bounds: IsValid=false, Min=(X=0.000 Y=0.000 Z=0.000), Max=(X=0.000 Y=0.000 Z=0.000)
 |   |- Transform: 0.000000,0.000000,0.000000|0.000000,0.000000,-0.000000|1.000000,1.000000,1.000000
 |   |- Container: /Game/Maps/CombatTestMap
----------------------------------------------------------------------------------------------------------------
CombatTestMap - Persistent Level
----------------------------------------------------------------------------------------------------------------
[+] Content of CombatTestMap Persistent Level
 |- Always loaded Actor Count: 23 
 |- Actor Path: /Game/Maps/CombatTestMap.CombatTestMap:PersistentLevel.BP_Gruntling_Glacer_C_UAID_B42E991E09FC117102_1266589815
 |- Actor Package: /Game/__ExternalActors__/Maps/CombatTestMap/A/9F/B4GEG2E9TD420Z48WMJQMF
 |- Actor Path: /Game/Maps/CombatTestMap.CombatTestMap:PersistentLevel.BP_Gruntling_Guardian_C_UAID_B42E991E09FC5A7102_1413181663
 |- Actor Package: /Game/__ExternalActors__/Maps/CombatTestMap/5/KN/796K1KKP4609QXXUWKU2AS
 |- Actor Path: /Game/Maps/CombatTestMap.CombatTestMap:PersistentLevel.BP_Gruntling_Guardian_C_UAID_B42E991E09FC5A7102_1430789664
 |- Actor Package: /Game/__ExternalActors__/Maps/CombatTestMap/D/CP/RL6LUM8EY7J3A553UHAXQ1
 |- Actor Path: /Game/Maps/CombatTestMap.CombatTestMap:PersistentLevel.BP_Gruntling_Guardian_C_UAID_B42E991E09FC5A7102_1433077665
 |- Actor Package: /Game/__ExternalActors__/Maps/CombatTestMap/C/0U/5S79R7CXW2VAWEK6CCPCHP
 |- Actor Path: /Game/Maps/CombatTestMap.CombatTestMap:PersistentLevel.BP_Gruntling_Guardian_C_UAID_B42E991E09FC5A7102_1435388666
 |- Actor Package: /Game/__ExternalActors__/Maps/CombatTestMap/4/U2/256LDH661IKNH2AP8U0XS2
 |- Actor Path: /Game/Maps/CombatTestMap.CombatTestMap:PersistentLevel.DirectionalLight_0
 |- Actor Package: /Game/__ExternalActors__/Maps/CombatTestMap/0/DU/TC1VFCW4WT7241GC62X81Z
 |- Actor Path: /Game/Maps/CombatTestMap.CombatTestMap:PersistentLevel.EQS_TestPawn_C_UAID_B42E991E09FC696D02_1617010079
 |- Actor Package: /Game/__ExternalActors__/Maps/CombatTestMap/1/P1/RS4W7MEL6V60WNPCLNZO55
 |- Actor Path: /Game/Maps/CombatTestMap.CombatTestMap:PersistentLevel.ExponentialHeightFog_0
 |- Actor Package: /Game/__ExternalActors__/Maps/CombatTestMap/C/5W/GBMSF9BWJK4K798OJZZMMY
 |- Actor Path: /Game/Maps/CombatTestMap.CombatTestMap:PersistentLevel.NavMeshBoundsVolume_UAID_B42E991E09FCE66C02_1128074023
 |- Actor Package: /Game/__ExternalActors__/Maps/CombatTestMap/7/RE/AGFO81ALGOFCB36LFXISVJ
 |- Actor Path: /Game/Maps/CombatTestMap.CombatTestMap:PersistentLevel.PlayerStart_0
 |- Actor Package: /Game/__ExternalActors__/Maps/CombatTestMap/7/9K/SV5X92U17FKAXLVI9XNZY7
 |- Actor Path: /Game/Maps/CombatTestMap.CombatTestMap:PersistentLevel.PostProcessVolume_0
 |- Actor Package: /Game/__ExternalActors__/Maps/CombatTestMap/6/EJ/54CXEWKJ2QNZ3CCY3NPPRJ
 |- Actor Path: /Game/Maps/CombatTestMap.CombatTestMap:PersistentLevel.RecastNavMesh_UAID_B42E991E09FCE66C02-Default
 |- Actor Package: /Game/__ExternalActors__/Maps/CombatTestMap/8/V9/XFJDQD0TYDQW2K9HUBRS6K
 |- Actor Path: /Game/Maps/CombatTestMap.CombatTestMap:PersistentLevel.SkyAtmosphere_0
 |- Actor Package: /Game/__ExternalActors__/Maps/CombatTestMap/3/TC/37FDLF90Z8NFS7OTTILBHF
 |- Actor Path: /Game/Maps/CombatTestMap.CombatTestMap:PersistentLevel.SkyLight_1
 |- Actor Package: /Game/__ExternalActors__/Maps/CombatTestMap/3/PI/XG1RH9WW8H5FWR5LZ53GHC
 |- Actor Path: /Game/Maps/CombatTestMap.CombatTestMap:PersistentLevel.StaticMeshActor_0
 |- Actor Package: /Game/__ExternalActors__/Maps/CombatTestMap/4/AA/R5Q0949SM4APWRB3OCAE37
 |- Actor Path: /Game/Maps/CombatTestMap.CombatTestMap:PersistentLevel.StaticMeshActor_1
 |- Actor Package: /Game/__ExternalActors__/Maps/CombatTestMap/5/TG/5O3K7AXSD6QKWE4KA5E2FY
 |- Actor Path: /Game/Maps/CombatTestMap.CombatTestMap:PersistentLevel.StaticMeshActor_4
 |- Actor Package: /Game/__ExternalActors__/Maps/CombatTestMap/C/12/GZ0W5I5LW6LS112LHWTDJV
 |- Actor Path: /Game/Maps/CombatTestMap.CombatTestMap:PersistentLevel.StaticMeshActor_5
 |- Actor Package: /Game/__ExternalActors__/Maps/CombatTestMap/9/QE/8X0LBE85I15SH9QYMIVSDA
 |- Actor Path: /Game/Maps/CombatTestMap.CombatTestMap:PersistentLevel.StaticMeshActor_6
 |- Actor Package: /Game/__ExternalActors__/Maps/CombatTestMap/4/WX/5R1ITZEA2J1UB10MUBPJKH
 |- Actor Path: /Game/Maps/CombatTestMap.CombatTestMap:PersistentLevel.StaticMeshActor_UAID_A4AE111137DC5EFB00_1110535423
 |- Actor Package: /Game/__ExternalActors__/Maps/CombatTestMap/4/K0/Z3BOXNAZQLGSIT0VT9JPCU
 |- Actor Path: /Game/Maps/CombatTestMap.CombatTestMap:PersistentLevel.TextRenderActor_1
 |- Actor Package: /Game/__ExternalActors__/Maps/CombatTestMap/7/48/SGRV67KJ9M6GNDJ2E4VIOL
 |- Actor Path: /Game/Maps/CombatTestMap.CombatTestMap:PersistentLevel.VolumetricCloud_0
 |- Actor Package: /Game/__ExternalActors__/Maps/CombatTestMap/6/21/CLNVBB7KNQQM46JIFGRL1D
 |- Actor Path: /Game/Maps/CombatTestMap.CombatTestMap:PersistentLevel.WorldDataLayers
 |- Actor Package: /Game/__ExternalActors__/Maps/CombatTestMap/C/42/KQN10OW6HW5D2MKRPMT0U9

----------------------------------------------------------------------------------------------------------------
CombatTestMap - Runtime Hash Set
----------------------------------------------------------------------------------------------------------------

